<?xml version="1.0" encoding="UTF-8"?>
<!-- Generated by org.testng.reporters.JUnitXMLReporter -->
<testsuite ignored="0" hostname="DESKTOP-NL2FT2H" failures="2" tests="2" name="OpenCart Test" time="0.095" errors="0" timestamp="2025-12-24T13:20:41 IST">
  <testcase classname="testCases.TC_001_AccountRegistrationTestGroup" name="test_account_Registration" time="0.012">
    <failure type="java.lang.NullPointerException" message="Cannot invoke &amp;quot;org.apache.logging.log4j.Logger.info(String)&amp;quot; because &amp;quot;this.logger&amp;quot; is null">
      <![CDATA[java.lang.NullPointerException: Cannot invoke "org.apache.logging.log4j.Logger.info(String)" because "this.logger" is null
at testCases.TC_001_AccountRegistrationTestGroup.test_account_Registration(TC_001_AccountRegistrationTestGroup.java:13)
at java.base/java.util.ArrayList.forEach(ArrayList.java:1596)
... Removed 25 stack frames]]>
    </failure>
  </testcase> <!-- test_account_Registration -->
  <testcase classname="testCases.TC_002_LoginTestGroup" name="test_Login" time="0.004">
    <failure type="java.lang.NullPointerException" message="Cannot invoke &amp;quot;org.apache.logging.log4j.Logger.info(String)&amp;quot; because &amp;quot;this.logger&amp;quot; is null">
      <![CDATA[java.lang.NullPointerException: Cannot invoke "org.apache.logging.log4j.Logger.info(String)" because "this.logger" is null
at testCases.TC_002_LoginTestGroup.test_Login(TC_002_LoginTestGroup.java:14)
at java.base/java.util.ArrayList.forEach(ArrayList.java:1596)
... Removed 25 stack frames]]>
    </failure>
  </testcase> <!-- test_Login -->
</testsuite> <!-- OpenCart Test -->
