<?xml version="1.0" encoding="UTF-8"?>
<!-- Generated by org.testng.reporters.JUnitXMLReporter -->
<testsuite ignored="0" hostname="DESKTOP-NL2FT2H" failures="1" tests="2" name="Test" time="20.095" errors="0" timestamp="2025-12-25T01:36:06 IST">
  <testcase classname="testCases.TC_001_AccountRegistrationTestExtentReport" name="test_account_Registration" time="4.733"/>
  <testcase classname="testCases.TC_002_LoginTestExtentReport" name="test_Login" time="10.882">
    <failure type="java.lang.AssertionError" message="expected [true] but found [false]">
      <![CDATA[java.lang.AssertionError: expected [true] but found [false]
at testCases.TC_002_LoginTestExtentReport.test_Login(TC_002_LoginTestExtentReport.java:35)
at java.base/java.util.ArrayList.forEach(ArrayList.java:1596)
... Removed 32 stack frames]]>
    </failure>
  </testcase> <!-- test_Login -->
</testsuite> <!-- Test -->
