<?xml version="1.0" encoding="UTF-8"?>
<!-- Generated by org.testng.reporters.JUnitReportReporter -->
<testsuite hostname="DESKTOP-NL2FT2H" failures="0" tests="2" name="testCases.TC_001_AccountRegistrationTest" time="5.114" errors="0" timestamp="2025-12-15T11:51:25 IST" skipped="0">
  <testcase classname="testCases.TC_001_AccountRegistrationTest" name="verify_account_registration" time="2.555"/>
  <testcase classname="testCases.TC_001_AccountRegistrationTest" name="verify_account_registration" time="2.559"/>
</testsuite> <!-- testCases.TC_001_AccountRegistrationTest -->
