<?xml version="1.0" encoding="UTF-8"?>
<!-- Generated by org.testng.reporters.JUnitXMLReporter -->
<testsuite ignored="0" hostname="DESKTOP-NL2FT2H" failures="1" tests="5" name="Test" time="41.277" errors="0" timestamp="2025-12-23T23:57:55 IST">
  <testcase classname="testCases.TC_003_LoginDDT" name="verify_loginDDT" time="4.011"/>
  <testcase classname="testCases.TC_003_LoginDDT" name="verify_loginDDT" time="3.799"/>
  <testcase classname="testCases.TC_003_LoginDDT" name="verify_loginDDT" time="3.143">
    <failure type="java.lang.AssertionError" message="expected [true] but found [false]">
      <![CDATA[java.lang.AssertionError: expected [true] but found [false]
at testCases.TC_003_LoginDDT.verify_loginDDT(TC_003_LoginDDT.java:67)
at java.base/java.util.ArrayList.forEach(ArrayList.java:1596)
... Removed 29 stack frames]]>
    </failure>
  </testcase> <!-- verify_loginDDT -->
  <testcase classname="testCases.TC_003_LoginDDT" name="verify_loginDDT" time="12.214"/>
  <testcase classname="testCases.TC_003_LoginDDT" name="verify_loginDDT" time="2.177"/>
</testsuite> <!-- Test -->
